info: Logged in as Greggs Bot#7413 {"timestamp":"2018-10-05T22:00:05.496Z"}
info: Parsed 2 reminders in RaidReminder {"timestamp":"2018-10-05T22:00:11.916Z"}
info: Server started! {"timestamp":"2018-10-05T22:00:11.919Z"}
info: [Roll] <- [!roll] {"timestamp":"2018-10-05T22:00:19.960Z"}
info: [Roll] -> [🎲 rolls... 58] {"timestamp":"2018-10-05T22:00:19.963Z"}
info: [Quick Links] <- [!wcl] {"timestamp":"2018-10-05T22:00:22.661Z"}
info: [Quick Links] -> [
<https://www.warcraftlogs.com/guild/id/219370>] {"timestamp":"2018-10-05T22:00:22.662Z"}
info: [Helper] <- [!ghelp] {"timestamp":"2018-10-05T22:00:27.591Z"}
info: [Helper] -> [Help text is a bit long...] {"timestamp":"2018-10-05T22:00:27.593Z"}
info: [Quick Links] <- [!calendar] {"timestamp":"2018-10-05T22:00:33.591Z"}
info: [Quick Links] -> [
<https://docs.google.com/spreadsheets/d/e/2PACX-1vTQthGzmMzSH_1T95yvJZH0hIN6eEUSAvugHdxMuaFuKjMuRB11edbk9yx6nQ9aFZoMU5ZaL-2uN_VS/pubhtml>] {"timestamp":"2018-10-05T22:00:33.593Z"}
info: Logged in as Greggs Bot#7413 {"timestamp":"2018-10-05T22:51:33.829Z"}
info: Parsed 2 reminders in RaidReminder {"timestamp":"2018-10-05T22:51:33.835Z"}
info: Server started! {"timestamp":"2018-10-05T22:51:33.837Z"}
info: Logged in as Greggs Bot#7413 {"timestamp":"2018-10-05T22:52:37.565Z"}
info: Parsed 2 reminders in RaidReminder {"timestamp":"2018-10-05T22:52:41.497Z"}
info: Server started! {"timestamp":"2018-10-05T22:52:41.504Z"}
info: [Roll] <- [!roll] {"timestamp":"2018-10-05T22:53:22.516Z"}
info: [Roll] -> [🎲 rolls... two fat ladies, 88 🍩] {"timestamp":"2018-10-05T22:53:22.520Z"}
info: Logged in as Greggs Bot#7413 {"timestamp":"2018-10-05T22:54:17.271Z"}
info: Parsed 2 reminders in RaidReminder {"timestamp":"2018-10-05T22:54:17.276Z"}
info: Server started! {"timestamp":"2018-10-05T22:54:17.278Z"}
info: Logged in as Greggs Bot#7413 {"timestamp":"2018-10-05T22:56:39.132Z"}
info: Parsed 2 reminders in RaidReminder {"timestamp":"2018-10-05T22:56:39.138Z"}
info: Server started! {"timestamp":"2018-10-05T22:56:39.139Z"}
info: [Roll] <- [!roll] {"timestamp":"2018-10-05T22:56:50.636Z"}
info: [Roll] -> [🎲 rolls... 90] {"timestamp":"2018-10-05T22:56:50.639Z"}
info: [Quick Links] <- [!wcl] {"timestamp":"2018-10-05T22:57:00.062Z"}
info: [Quick Links] -> [
<https://www.warcraftlogs.com/guild/id/219370>] {"timestamp":"2018-10-05T22:57:00.063Z"}
info: Logged in as Greggs Bot#7413 {"timestamp":"2018-10-05T22:59:36.702Z"}
info: Parsed 2 reminders in RaidReminder {"timestamp":"2018-10-05T22:59:36.708Z"}
info: Server started! {"timestamp":"2018-10-05T22:59:36.709Z"}
info: Logged in as Greggs Bot#7413 {"timestamp":"2018-10-05T23:04:20.321Z"}
info: Parsed 2 reminders in RaidReminder {"timestamp":"2018-10-05T23:04:20.327Z"}
info: Server started! {"timestamp":"2018-10-05T23:04:20.328Z"}
info: Logged in as Greggs Bot#7413 {"timestamp":"2018-10-05T23:13:46.150Z"}
info: Parsed 2 reminders in RaidReminder {"timestamp":"2018-10-05T23:13:46.156Z"}
info: Server started! {"timestamp":"2018-10-05T23:13:46.157Z"}
info: Logged in as Greggs Bot#7413 {"timestamp":"2018-10-05T23:18:06.703Z"}
info: Parsed 2 reminders in RaidReminder {"timestamp":"2018-10-05T23:18:06.711Z"}
info: Server started! {"timestamp":"2018-10-05T23:18:06.712Z"}
info: Logged in as Greggs Bot#7413 {"timestamp":"2018-10-05T23:19:48.149Z"}
info: Parsed 2 reminders in RaidReminder {"timestamp":"2018-10-05T23:19:48.155Z"}
info: Server started! {"timestamp":"2018-10-05T23:19:48.156Z"}
info: Logged in as Greggs Bot#7413 {"timestamp":"2018-10-05T23:21:33.135Z"}
info: Parsed 2 reminders in RaidReminder {"timestamp":"2018-10-05T23:21:33.141Z"}
info: Server started! {"timestamp":"2018-10-05T23:21:33.143Z"}
info: Logged in as Greggs Bot#7413 {"timestamp":"2018-10-08T22:31:12.984Z"}
info: Parsed 2 reminders in RaidReminder {"timestamp":"2018-10-08T22:31:12.998Z"}
info: Server started! {"timestamp":"2018-10-08T22:31:13.003Z"}
info: Logged in as Greggs Bot#7413 {"timestamp":"2018-10-08T22:32:06.381Z"}
info: Parsed 2 reminders in RaidReminder {"timestamp":"2018-10-08T22:32:06.390Z"}
info: Server started! {"timestamp":"2018-10-08T22:32:06.394Z"}
info: Logged in as Greggs Bot#7413 {"timestamp":"2018-10-08T22:33:29.637Z"}
info: Parsed 2 reminders in RaidReminder {"timestamp":"2018-10-08T22:33:29.645Z"}
info: Server started! {"timestamp":"2018-10-08T22:33:29.650Z"}
info: [Raider IO Module] <- [!rank] {"timestamp":"2018-10-08T22:33:46.074Z"}
error: fetch is not defined {"timestamp":"2018-10-08T22:34:00.454Z"}
info: [Raider IO Module] <- [!rank] {"timestamp":"2018-10-08T22:34:14.634Z"}
error: fetch is not defined {"timestamp":"2018-10-08T22:34:14.635Z"}
info: [Raider IO Module] <- [!rank] {"timestamp":"2018-10-08T22:34:25.944Z"}
info: Logged in as Greggs Bot#7413 {"timestamp":"2018-10-08T22:35:19.286Z"}
info: Parsed 2 reminders in RaidReminder {"timestamp":"2018-10-08T22:35:19.297Z"}
info: Server started! {"timestamp":"2018-10-08T22:35:19.303Z"}
info: [Raider IO Module] <- [!rank] {"timestamp":"2018-10-08T22:35:22.921Z"}
error: fetch is not defined {"timestamp":"2018-10-08T22:35:25.680Z"}
info: [Raider IO Module] <- [!rank] {"timestamp":"2018-10-08T22:35:33.408Z"}
info: Logged in as Greggs Bot#7413 {"timestamp":"2018-10-08T22:38:17.431Z"}
info: Parsed 2 reminders in RaidReminder {"timestamp":"2018-10-08T22:38:17.441Z"}
info: Server started! {"timestamp":"2018-10-08T22:38:17.448Z"}
info: [Raider IO Module] <- [!rank] {"timestamp":"2018-10-08T22:38:25.312Z"}
info: [Raider IO Module] -> [] {"timestamp":"2018-10-08T22:38:28.785Z"}
info: Logged in as Greggs Bot#7413 {"timestamp":"2018-10-08T22:43:59.147Z"}
info: Parsed 2 reminders in RaidReminder {"timestamp":"2018-10-08T22:43:59.158Z"}
info: Server started! {"timestamp":"2018-10-08T22:43:59.164Z"}
info: [Raider IO Module] <- [!rank] {"timestamp":"2018-10-08T22:44:01.511Z"}
info: [Raider IO Module] -> [] {"timestamp":"2018-10-08T22:44:04.252Z"}
info: Logged in as Greggs Bot#7413 {"timestamp":"2018-10-08T22:45:29.776Z"}
info: Parsed 2 reminders in RaidReminder {"timestamp":"2018-10-08T22:45:29.787Z"}
info: Server started! {"timestamp":"2018-10-08T22:45:29.791Z"}
info: [Raider IO Module] <- [!rank] {"timestamp":"2018-10-08T22:45:33.773Z"}
info: [Raider IO Module] -> [] {"timestamp":"2018-10-08T22:45:33.778Z"}
info: [Raider IO Module] <- [!rank Fresh] {"timestamp":"2018-10-08T22:45:39.989Z"}
info: [Raider IO Module] -> [] {"timestamp":"2018-10-08T22:45:39.994Z"}
info: [Raider IO Module] <- [!rank Method TarrenMill] {"timestamp":"2018-10-08T22:45:51.708Z"}
info: [Raider IO Module] -> [] {"timestamp":"2018-10-08T22:45:51.711Z"}
info: [Raider IO Module] <- [!rank] {"timestamp":"2018-10-08T22:46:10.798Z"}
info: [Raider IO Module] -> [] {"timestamp":"2018-10-08T22:46:10.800Z"}
info: Logged in as Greggs Bot#7413 {"timestamp":"2018-10-08T22:46:56.703Z"}
info: Parsed 2 reminders in RaidReminder {"timestamp":"2018-10-08T22:46:56.713Z"}
info: Server started! {"timestamp":"2018-10-08T22:46:56.719Z"}
info: [Raider IO Module] <- [!rank Pieces] {"timestamp":"2018-10-08T22:47:03.104Z"}
info: [Raider IO Module] -> [] {"timestamp":"2018-10-08T22:47:03.109Z"}
info: [Raider IO Module] <- [!rank Magna] {"timestamp":"2018-10-08T22:47:12.080Z"}
info: [Raider IO Module] -> [] {"timestamp":"2018-10-08T22:47:12.083Z"}
info: [Raider IO Module] <- [!rank Magna] {"timestamp":"2018-10-08T22:48:01.642Z"}
info: [Raider IO Module] -> [] {"timestamp":"2018-10-08T22:48:01.644Z"}
info: [Raider IO Module] <- [!rank Fresh] {"timestamp":"2018-10-08T22:48:18.400Z"}
info: [Raider IO Module] -> [] {"timestamp":"2018-10-08T22:48:18.403Z"}
info: Logged in as Greggs Bot#7413 {"timestamp":"2018-10-08T22:57:20.121Z"}
info: Parsed 2 reminders in RaidReminder {"timestamp":"2018-10-08T22:57:20.131Z"}
info: Server started! {"timestamp":"2018-10-08T22:57:20.136Z"}
info: [Raider IO Module] <- [!rank] {"timestamp":"2018-10-08T22:57:23.618Z"}
info: [Raider IO Module] -> [] {"timestamp":"2018-10-08T22:57:23.622Z"}
info: [Raider IO Module] <- [!rank greggs draenor fs] {"timestamp":"2018-10-08T23:04:22.646Z"}
info: [Raider IO Module] -> [] {"timestamp":"2018-10-08T23:04:22.649Z"}
info: Logged in as Greggs Bot#7413 {"timestamp":"2018-10-08T23:06:11.484Z"}
info: Parsed 2 reminders in RaidReminder {"timestamp":"2018-10-08T23:06:11.491Z"}
info: Server started! {"timestamp":"2018-10-08T23:06:11.494Z"}
info: [Raider IO Module] <- [!rank greggs tws] {"timestamp":"2018-10-08T23:06:23.462Z"}
info: [Raider IO Module] -> [] {"timestamp":"2018-10-08T23:06:23.466Z"}
info: Logged in as Greggs Bot#7413 {"timestamp":"2018-10-08T23:07:02.027Z"}
info: Parsed 2 reminders in RaidReminder {"timestamp":"2018-10-08T23:07:02.034Z"}
info: Server started! {"timestamp":"2018-10-08T23:07:02.038Z"}
info: [Raider IO Module] <- [!rank] {"timestamp":"2018-10-08T23:07:04.622Z"}
info: [Raider IO Module] -> [] {"timestamp":"2018-10-08T23:07:04.626Z"}
info: [Raider IO Module] <- [!rank greggs test] {"timestamp":"2018-10-08T23:07:08.699Z"}
info: [Raider IO Module] -> [] {"timestamp":"2018-10-08T23:07:08.701Z"}
info: [Raider IO Module] <- [!rank greggs draenor fs] {"timestamp":"2018-10-08T23:07:15.895Z"}
info: [Raider IO Module] -> [] {"timestamp":"2018-10-08T23:07:15.897Z"}
info: [Raider IO Module] <- [!rank greggs draenor us] {"timestamp":"2018-10-08T23:07:23.062Z"}
info: [Raider IO Module] -> [] {"timestamp":"2018-10-08T23:07:23.064Z"}
info: [Raider IO Module] <- [!rank] {"timestamp":"2018-10-08T23:07:33.892Z"}
info: [Raider IO Module] -> [] {"timestamp":"2018-10-08T23:07:33.893Z"}
info: [Raider IO Module] <- [!rank <:Pogchamp:360437444228939776>] {"timestamp":"2018-10-08T23:07:53.334Z"}
info: [Raider IO Module] -> [] {"timestamp":"2018-10-08T23:07:53.336Z"}
info: [Helper] <- [!ghelp] {"timestamp":"2018-10-08T23:07:56.475Z"}
info: [Helper] -> [Help text is a bit long...] {"timestamp":"2018-10-08T23:07:56.477Z"}
info: [Raider IO Module] <- [!rank] {"timestamp":"2018-10-08T23:08:00.600Z"}
info: [Raider IO Module] -> [] {"timestamp":"2018-10-08T23:08:00.602Z"}
info: [Raider IO Module] <- [!rank Greggs Draenor MOON] {"timestamp":"2018-10-08T23:09:10.016Z"}
info: [Raider IO Module] -> [] {"timestamp":"2018-10-08T23:09:10.018Z"}
info: [Raider IO Module] <- [!rank Greggs Draenor EU] {"timestamp":"2018-10-08T23:09:36.183Z"}
info: [Raider IO Module] -> [] {"timestamp":"2018-10-08T23:09:36.184Z"}
